2023-05-03 12:13:50 INFO::Writing function arguments to log file
2023-05-03 12:13:50 DEBUG::Function arguments
2023-05-03 12:13:50 DEBUG::Output folder: maaslin_outputs/seroconv_Malawi_unadjusted
2023-05-03 12:13:50 DEBUG::Min Abundance: 0.000000
2023-05-03 12:13:50 DEBUG::Min Prevalence: 0.000000
2023-05-03 12:13:50 DEBUG::Normalization: NONE
2023-05-03 12:13:50 DEBUG::Transform: AST
2023-05-03 12:13:50 DEBUG::Analysis method: LM
2023-05-03 12:13:50 DEBUG::Max significance: 0.200000
2023-05-03 12:13:50 DEBUG::Random effects:
2023-05-03 12:13:50 DEBUG::Fixed effects: seroconv
2023-05-03 12:13:50 DEBUG::Correction method: BH
2023-05-03 12:13:50 DEBUG::Standardize: FALSE
2023-05-03 12:13:50 DEBUG::Cores: 1
2023-05-03 12:13:50 INFO::Verifying options selected are valid
2023-05-03 12:13:50 INFO::Determining format of input files
2023-05-03 12:13:50 INFO::Input format is data samples as rows and metadata samples as rows
2023-05-03 12:13:50 DEBUG::A total of 56 samples were found in both the data and metadata
2023-05-03 12:13:50 DEBUG::Reordering data/metadata to use same sample ordering
2023-05-03 12:13:50 INFO::Formula for fixed effects: expr ~  seroconv
2023-05-03 12:13:50 INFO::Filter data based on min abundance and min prevalence
2023-05-03 12:13:50 INFO::Total samples in data: 56
2023-05-03 12:13:50 INFO::Min samples required with min abundance for a feature not to be filtered: 0.000000
2023-05-03 12:13:50 INFO::Total filtered features: 0
2023-05-03 12:13:50 INFO::Filtered feature names from abundance and prevalence filtering:
2023-05-03 12:13:50 INFO::Total filtered features with variance filtering: 0
2023-05-03 12:13:50 INFO::Filtered feature names from variance filtering:
2023-05-03 12:13:50 INFO::Running selected normalization method: NONE
2023-05-03 12:13:50 INFO::Bypass z-score application to metadata
2023-05-03 12:13:50 INFO::Running selected transform method: AST
2023-05-03 12:13:50 INFO::Running selected analysis method: LM
2023-05-03 12:13:50 INFO::Fitting model to feature number 1, p2
2023-05-03 12:13:50 INFO::Fitting model to feature number 2, p1
2023-05-03 12:13:50 INFO::Fitting model to feature number 3, p317
2023-05-03 12:13:50 INFO::Fitting model to feature number 4, p71
2023-05-03 12:13:50 INFO::Fitting model to feature number 5, p456
2023-05-03 12:13:50 INFO::Fitting model to feature number 6, p336
2023-05-03 12:13:50 INFO::Fitting model to feature number 7, p19
2023-05-03 12:13:50 INFO::Fitting model to feature number 8, p153
2023-05-03 12:13:50 INFO::Fitting model to feature number 9, p133
2023-05-03 12:13:50 INFO::Fitting model to feature number 10, p292
2023-05-03 12:13:50 INFO::Fitting model to feature number 11, p446
2023-05-03 12:13:50 INFO::Fitting model to feature number 12, p132
2023-05-03 12:13:50 INFO::Fitting model to feature number 13, p54
2023-05-03 12:13:50 INFO::Fitting model to feature number 14, p260
2023-05-03 12:13:50 INFO::Fitting model to feature number 15, p261
2023-05-03 12:13:50 INFO::Fitting model to feature number 16, p110
2023-05-03 12:13:51 INFO::Fitting model to feature number 17, p150
2023-05-03 12:13:51 INFO::Fitting model to feature number 18, p193
2023-05-03 12:13:51 INFO::Fitting model to feature number 19, p24
2023-05-03 12:13:51 INFO::Fitting model to feature number 20, p221
2023-05-03 12:13:51 INFO::Fitting model to feature number 21, p403
2023-05-03 12:13:51 INFO::Fitting model to feature number 22, p452
2023-05-03 12:13:51 INFO::Fitting model to feature number 23, p338
2023-05-03 12:13:51 INFO::Fitting model to feature number 24, p230
2023-05-03 12:13:51 INFO::Fitting model to feature number 25, p249
2023-05-03 12:13:51 INFO::Fitting model to feature number 26, p239
2023-05-03 12:13:51 INFO::Fitting model to feature number 27, p8
2023-05-03 12:13:51 INFO::Fitting model to feature number 28, p13
2023-05-03 12:13:51 INFO::Fitting model to feature number 29, p375
2023-05-03 12:13:51 INFO::Fitting model to feature number 30, p14
2023-05-03 12:13:51 INFO::Fitting model to feature number 31, p135
2023-05-03 12:13:51 INFO::Fitting model to feature number 32, p348
2023-05-03 12:13:51 INFO::Fitting model to feature number 33, p151
2023-05-03 12:13:51 INFO::Fitting model to feature number 34, p28
2023-05-03 12:13:51 INFO::Fitting model to feature number 35, p67
2023-05-03 12:13:51 INFO::Fitting model to feature number 36, p229
2023-05-03 12:13:51 INFO::Fitting model to feature number 37, p15
2023-05-03 12:13:51 INFO::Fitting model to feature number 38, p3
2023-05-03 12:13:51 INFO::Fitting model to feature number 39, p136
2023-05-03 12:13:51 INFO::Fitting model to feature number 40, p55
2023-05-03 12:13:51 INFO::Fitting model to feature number 41, p50
2023-05-03 12:13:51 INFO::Fitting model to feature number 42, p53
2023-05-03 12:13:51 INFO::Fitting model to feature number 43, p240
2023-05-03 12:13:51 INFO::Fitting model to feature number 44, p259
2023-05-03 12:13:51 INFO::Fitting model to feature number 45, p84
2023-05-03 12:13:51 INFO::Fitting model to feature number 46, p25
2023-05-03 12:13:51 INFO::Fitting model to feature number 47, p30
2023-05-03 12:13:51 INFO::Fitting model to feature number 48, p437
2023-05-03 12:13:51 INFO::Fitting model to feature number 49, p137
2023-05-03 12:13:51 INFO::Fitting model to feature number 50, p171
2023-05-03 12:13:51 INFO::Fitting model to feature number 51, p85
2023-05-03 12:13:51 INFO::Fitting model to feature number 52, p447
2023-05-03 12:13:51 INFO::Fitting model to feature number 53, p430
2023-05-03 12:13:51 INFO::Fitting model to feature number 54, p130
2023-05-03 12:13:51 INFO::Fitting model to feature number 55, p121
2023-05-03 12:13:51 INFO::Fitting model to feature number 56, p434
2023-05-03 12:13:51 INFO::Fitting model to feature number 57, p34
2023-05-03 12:13:51 INFO::Fitting model to feature number 58, p196
2023-05-03 12:13:51 INFO::Fitting model to feature number 59, p386
2023-05-03 12:13:51 INFO::Fitting model to feature number 60, p20
2023-05-03 12:13:51 INFO::Fitting model to feature number 61, p319
2023-05-03 12:13:51 INFO::Fitting model to feature number 62, p342
2023-05-03 12:13:51 INFO::Fitting model to feature number 63, p59
2023-05-03 12:13:51 INFO::Fitting model to feature number 64, p232
2023-05-03 12:13:52 INFO::Fitting model to feature number 65, p307
2023-05-03 12:13:52 INFO::Fitting model to feature number 66, p231
2023-05-03 12:13:52 INFO::Fitting model to feature number 67, p69
2023-05-03 12:13:52 INFO::Fitting model to feature number 68, p270
2023-05-03 12:13:52 INFO::Fitting model to feature number 69, p169
2023-05-03 12:13:52 INFO::Fitting model to feature number 70, p389
2023-05-03 12:13:52 INFO::Fitting model to feature number 71, p384
2023-05-03 12:13:52 INFO::Fitting model to feature number 72, p86
2023-05-03 12:13:52 INFO::Fitting model to feature number 73, p16
2023-05-03 12:13:52 INFO::Fitting model to feature number 74, p81
2023-05-03 12:13:52 INFO::Fitting model to feature number 75, p7
2023-05-03 12:13:52 INFO::Fitting model to feature number 76, p248
2023-05-03 12:13:52 INFO::Fitting model to feature number 77, p180
2023-05-03 12:13:52 INFO::Fitting model to feature number 78, p364
2023-05-03 12:13:52 INFO::Fitting model to feature number 79, p109
2023-05-03 12:13:52 INFO::Fitting model to feature number 80, p234
2023-05-03 12:13:52 INFO::Fitting model to feature number 81, p283
2023-05-03 12:13:52 INFO::Fitting model to feature number 82, p101
2023-05-03 12:13:52 INFO::Fitting model to feature number 83, p37
2023-05-03 12:13:52 INFO::Fitting model to feature number 84, p78
2023-05-03 12:13:52 INFO::Fitting model to feature number 85, p341
2023-05-03 12:13:52 INFO::Fitting model to feature number 86, p398
2023-05-03 12:13:52 INFO::Fitting model to feature number 87, p189
2023-05-03 12:13:52 INFO::Fitting model to feature number 88, p370
2023-05-03 12:13:52 INFO::Fitting model to feature number 89, p256
2023-05-03 12:13:52 INFO::Fitting model to feature number 90, p387
2023-05-03 12:13:52 INFO::Fitting model to feature number 91, p408
2023-05-03 12:13:52 INFO::Fitting model to feature number 92, p404
2023-05-03 12:13:52 INFO::Fitting model to feature number 93, p250
2023-05-03 12:13:52 INFO::Fitting model to feature number 94, p246
2023-05-03 12:13:52 INFO::Fitting model to feature number 95, p428
2023-05-03 12:13:52 INFO::Fitting model to feature number 96, p266
2023-05-03 12:13:52 INFO::Fitting model to feature number 97, p410
2023-05-03 12:13:52 INFO::Fitting model to feature number 98, p233
2023-05-03 12:13:52 INFO::Fitting model to feature number 99, p156
2023-05-03 12:13:52 INFO::Fitting model to feature number 100, p401
2023-05-03 12:13:52 INFO::Fitting model to feature number 101, p393
2023-05-03 12:13:52 INFO::Fitting model to feature number 102, p38
2023-05-03 12:13:52 INFO::Fitting model to feature number 103, p225
2023-05-03 12:13:52 INFO::Fitting model to feature number 104, p448
2023-05-03 12:13:52 INFO::Fitting model to feature number 105, p343
2023-05-03 12:13:52 INFO::Fitting model to feature number 106, p305
2023-05-03 12:13:52 INFO::Fitting model to feature number 107, p39
2023-05-03 12:13:52 INFO::Fitting model to feature number 108, p288
2023-05-03 12:13:53 INFO::Fitting model to feature number 109, p429
2023-05-03 12:13:53 INFO::Fitting model to feature number 110, p395
2023-05-03 12:13:53 INFO::Fitting model to feature number 111, p111
2023-05-03 12:13:53 INFO::Fitting model to feature number 112, p331
2023-05-03 12:13:53 INFO::Fitting model to feature number 113, p224
2023-05-03 12:13:53 INFO::Fitting model to feature number 114, p362
2023-05-03 12:13:53 INFO::Fitting model to feature number 115, p337
2023-05-03 12:13:53 INFO::Fitting model to feature number 116, p339
2023-05-03 12:13:53 INFO::Fitting model to feature number 117, p444
2023-05-03 12:13:53 INFO::Fitting model to feature number 118, p65
2023-05-03 12:13:53 INFO::Fitting model to feature number 119, p68
2023-05-03 12:13:53 INFO::Fitting model to feature number 120, p427
2023-05-03 12:13:53 INFO::Fitting model to feature number 121, p282
2023-05-03 12:13:53 INFO::Fitting model to feature number 122, p49
2023-05-03 12:13:53 INFO::Fitting model to feature number 123, p108
2023-05-03 12:13:53 INFO::Fitting model to feature number 124, p418
2023-05-03 12:13:53 INFO::Fitting model to feature number 125, p419
2023-05-03 12:13:53 INFO::Fitting model to feature number 126, p103
2023-05-03 12:13:53 INFO::Fitting model to feature number 127, p131
2023-05-03 12:13:53 INFO::Fitting model to feature number 128, p289
2023-05-03 12:13:53 INFO::Fitting model to feature number 129, p107
2023-05-03 12:13:53 INFO::Fitting model to feature number 130, p327
2023-05-03 12:13:53 INFO::Fitting model to feature number 131, p9
2023-05-03 12:13:53 INFO::Fitting model to feature number 132, p94
2023-05-03 12:13:53 INFO::Fitting model to feature number 133, p436
2023-05-03 12:13:53 INFO::Fitting model to feature number 134, p354
2023-05-03 12:13:53 INFO::Fitting model to feature number 135, p304
2023-05-03 12:13:53 INFO::Fitting model to feature number 136, p57
2023-05-03 12:13:53 INFO::Fitting model to feature number 137, p441
2023-05-03 12:13:53 INFO::Fitting model to feature number 138, p58
2023-05-03 12:13:53 INFO::Fitting model to feature number 139, p226
2023-05-03 12:13:53 INFO::Fitting model to feature number 140, p198
2023-05-03 12:13:53 INFO::Fitting model to feature number 141, p104
2023-05-03 12:13:53 INFO::Fitting model to feature number 142, p258
2023-05-03 12:13:53 INFO::Fitting model to feature number 143, p241
2023-05-03 12:13:53 INFO::Fitting model to feature number 144, p328
2023-05-03 12:13:53 INFO::Fitting model to feature number 145, p326
2023-05-03 12:13:53 INFO::Fitting model to feature number 146, p164
2023-05-03 12:13:53 INFO::Fitting model to feature number 147, p396
2023-05-03 12:13:53 INFO::Fitting model to feature number 148, p269
2023-05-03 12:13:53 INFO::Fitting model to feature number 149, p253
2023-05-03 12:13:53 INFO::Fitting model to feature number 150, p168
2023-05-03 12:13:53 INFO::Fitting model to feature number 151, p46
2023-05-03 12:13:53 INFO::Fitting model to feature number 152, p439
2023-05-03 12:13:54 INFO::Fitting model to feature number 153, p281
2023-05-03 12:13:54 INFO::Fitting model to feature number 154, p238
2023-05-03 12:13:54 INFO::Fitting model to feature number 155, p92
2023-05-03 12:13:54 INFO::Fitting model to feature number 156, p18
2023-05-03 12:13:54 INFO::Fitting model to feature number 157, p40
2023-05-03 12:13:54 INFO::Fitting model to feature number 158, p443
2023-05-03 12:13:54 INFO::Fitting model to feature number 159, p217
2023-05-03 12:13:54 INFO::Fitting model to feature number 160, p218
2023-05-03 12:13:54 INFO::Fitting model to feature number 161, p219
2023-05-03 12:13:54 INFO::Fitting model to feature number 162, p122
2023-05-03 12:13:54 INFO::Fitting model to feature number 163, p416
2023-05-03 12:13:54 INFO::Fitting model to feature number 164, p409
2023-05-03 12:13:54 INFO::Fitting model to feature number 165, p383
2023-05-03 12:13:54 INFO::Fitting model to feature number 166, p114
2023-05-03 12:13:54 INFO::Fitting model to feature number 167, p397
2023-05-03 12:13:54 INFO::Fitting model to feature number 168, p440
2023-05-03 12:13:54 INFO::Fitting model to feature number 169, p204
2023-05-03 12:13:54 INFO::Fitting model to feature number 170, p252
2023-05-03 12:13:54 INFO::Fitting model to feature number 171, p44
2023-05-03 12:13:54 INFO::Fitting model to feature number 172, p48
2023-05-03 12:13:54 INFO::Fitting model to feature number 173, p420
2023-05-03 12:13:54 INFO::Fitting model to feature number 174, p318
2023-05-03 12:13:54 INFO::Fitting model to feature number 175, p158
2023-05-03 12:13:54 INFO::Fitting model to feature number 176, p284
2023-05-03 12:13:54 INFO::Fitting model to feature number 177, p212
2023-05-03 12:13:54 INFO::Fitting model to feature number 178, p88
2023-05-03 12:13:54 INFO::Fitting model to feature number 179, p64
2023-05-03 12:13:54 INFO::Fitting model to feature number 180, p323
2023-05-03 12:13:54 INFO::Fitting model to feature number 181, p188
2023-05-03 12:13:54 INFO::Fitting model to feature number 182, p438
2023-05-03 12:13:54 INFO::Fitting model to feature number 183, p36
2023-05-03 12:13:54 INFO::Fitting model to feature number 184, p63
2023-05-03 12:13:54 INFO::Fitting model to feature number 185, p154
2023-05-03 12:13:54 INFO::Fitting model to feature number 186, p405
2023-05-03 12:13:54 INFO::Fitting model to feature number 187, p190
2023-05-03 12:13:54 INFO::Fitting model to feature number 188, p431
2023-05-03 12:13:54 INFO::Fitting model to feature number 189, p310
2023-05-03 12:13:54 INFO::Fitting model to feature number 190, p433
2023-05-03 12:13:54 INFO::Fitting model to feature number 191, p303
2023-05-03 12:13:54 INFO::Fitting model to feature number 192, p205
2023-05-03 12:13:54 INFO::Fitting model to feature number 193, p83
2023-05-03 12:13:54 INFO::Fitting model to feature number 194, p349
2023-05-03 12:13:54 INFO::Fitting model to feature number 195, p89
2023-05-03 12:13:54 INFO::Fitting model to feature number 196, p222
2023-05-03 12:13:54 INFO::Fitting model to feature number 197, p194
2023-05-03 12:13:54 INFO::Fitting model to feature number 198, p206
2023-05-03 12:13:54 INFO::Fitting model to feature number 199, p280
2023-05-03 12:13:54 INFO::Fitting model to feature number 200, p207
2023-05-03 12:13:55 INFO::Fitting model to feature number 201, p216
2023-05-03 12:13:55 INFO::Fitting model to feature number 202, p27
2023-05-03 12:13:55 INFO::Fitting model to feature number 203, p251
2023-05-03 12:13:55 INFO::Fitting model to feature number 204, p26
2023-05-03 12:13:55 INFO::Fitting model to feature number 205, p155
2023-05-03 12:13:55 INFO::Fitting model to feature number 206, p203
2023-05-03 12:13:55 INFO::Fitting model to feature number 207, p60
2023-05-03 12:13:55 INFO::Fitting model to feature number 208, p392
2023-05-03 12:13:55 INFO::Fitting model to feature number 209, p213
2023-05-03 12:13:55 INFO::Fitting model to feature number 210, p115
2023-05-03 12:13:55 INFO::Fitting model to feature number 211, p312
2023-05-03 12:13:55 INFO::Fitting model to feature number 212, p211
2023-05-03 12:13:55 INFO::Fitting model to feature number 213, p47
2023-05-03 12:13:55 INFO::Fitting model to feature number 214, p41
2023-05-03 12:13:55 INFO::Fitting model to feature number 215, p411
2023-05-03 12:13:55 INFO::Fitting model to feature number 216, p400
2023-05-03 12:13:55 INFO::Fitting model to feature number 217, p271
2023-05-03 12:13:55 INFO::Fitting model to feature number 218, p74
2023-05-03 12:13:55 INFO::Fitting model to feature number 219, p82
2023-05-03 12:13:55 INFO::Fitting model to feature number 220, p298
2023-05-03 12:13:55 INFO::Fitting model to feature number 221, p42
2023-05-03 12:13:55 INFO::Fitting model to feature number 222, p32
2023-05-03 12:13:55 INFO::Fitting model to feature number 223, p73
2023-05-03 12:13:55 INFO::Fitting model to feature number 224, p165
2023-05-03 12:13:55 INFO::Fitting model to feature number 225, p119
2023-05-03 12:13:55 INFO::Fitting model to feature number 226, p142
2023-05-03 12:13:55 INFO::Fitting model to feature number 227, p10
2023-05-03 12:13:55 INFO::Fitting model to feature number 228, p87
2023-05-03 12:13:55 INFO::Fitting model to feature number 229, p140
2023-05-03 12:13:55 INFO::Fitting model to feature number 230, p391
2023-05-03 12:13:55 INFO::Fitting model to feature number 231, p43
2023-05-03 12:13:55 INFO::Fitting model to feature number 232, p223
2023-05-03 12:13:55 INFO::Fitting model to feature number 233, p66
2023-05-03 12:13:55 INFO::Fitting model to feature number 234, p345
2023-05-03 12:13:55 INFO::Fitting model to feature number 235, p45
2023-05-03 12:13:55 INFO::Fitting model to feature number 236, p361
2023-05-03 12:13:56 INFO::Fitting model to feature number 237, p17
2023-05-03 12:13:56 INFO::Fitting model to feature number 238, p166
2023-05-03 12:13:56 INFO::Fitting model to feature number 239, p148
2023-05-03 12:13:56 INFO::Fitting model to feature number 240, p51
2023-05-03 12:13:56 INFO::Fitting model to feature number 241, p394
2023-05-03 12:13:56 INFO::Fitting model to feature number 242, p268
2023-05-03 12:13:56 INFO::Fitting model to feature number 243, p346
2023-05-03 12:13:56 INFO::Fitting model to feature number 244, p334
2023-05-03 12:13:56 INFO::Fitting model to feature number 245, p202
2023-05-03 12:13:56 INFO::Fitting model to feature number 246, p291
2023-05-03 12:13:56 INFO::Fitting model to feature number 247, p388
2023-05-03 12:13:56 INFO::Fitting model to feature number 248, p129
2023-05-03 12:13:56 INFO::Fitting model to feature number 249, p330
2023-05-03 12:13:56 INFO::Fitting model to feature number 250, p80
2023-05-03 12:13:56 INFO::Fitting model to feature number 251, p144
2023-05-03 12:13:56 INFO::Fitting model to feature number 252, p160
2023-05-03 12:13:56 INFO::Fitting model to feature number 253, p162
2023-05-03 12:13:56 INFO::Fitting model to feature number 254, p127
2023-05-03 12:13:56 INFO::Fitting model to feature number 255, p62
2023-05-03 12:13:56 INFO::Fitting model to feature number 256, p287
2023-05-03 12:13:56 INFO::Fitting model to feature number 257, p324
2023-05-03 12:13:56 INFO::Fitting model to feature number 258, p116
2023-05-03 12:13:56 INFO::Fitting model to feature number 259, p273
2023-05-03 12:13:56 INFO::Fitting model to feature number 260, p424
2023-05-03 12:13:56 INFO::Fitting model to feature number 261, p358
2023-05-03 12:13:56 INFO::Fitting model to feature number 262, p373
2023-05-03 12:13:56 INFO::Fitting model to feature number 263, p191
2023-05-03 12:13:56 INFO::Fitting model to feature number 264, p170
2023-05-03 12:13:56 INFO::Fitting model to feature number 265, p399
2023-05-03 12:13:56 INFO::Fitting model to feature number 266, p300
2023-05-03 12:13:56 INFO::Fitting model to feature number 267, p407
2023-05-03 12:13:56 INFO::Fitting model to feature number 268, p333
2023-05-03 12:13:56 INFO::Fitting model to feature number 269, p199
2023-05-03 12:13:56 INFO::Fitting model to feature number 270, p181
2023-05-03 12:13:56 INFO::Fitting model to feature number 271, p91
2023-05-03 12:13:56 INFO::Fitting model to feature number 272, p299
2023-05-03 12:13:56 INFO::Fitting model to feature number 273, p285
2023-05-03 12:13:56 INFO::Fitting model to feature number 274, p187
2023-05-03 12:13:56 INFO::Fitting model to feature number 275, p98
2023-05-03 12:13:56 INFO::Fitting model to feature number 276, p102
2023-05-03 12:13:56 INFO::Fitting model to feature number 277, p278
2023-05-03 12:13:56 INFO::Fitting model to feature number 278, p351
2023-05-03 12:13:56 INFO::Fitting model to feature number 279, p23
2023-05-03 12:13:57 INFO::Fitting model to feature number 280, p61
2023-05-03 12:13:57 INFO::Fitting model to feature number 281, p11
2023-05-03 12:13:57 INFO::Fitting model to feature number 282, p369
2023-05-03 12:13:57 INFO::Fitting model to feature number 283, p90
2023-05-03 12:13:57 INFO::Fitting model to feature number 284, p35
2023-05-03 12:13:57 INFO::Fitting model to feature number 285, p143
2023-05-03 12:13:57 INFO::Fitting model to feature number 286, p227
2023-05-03 12:13:57 INFO::Fitting model to feature number 287, p274
2023-05-03 12:13:57 INFO::Fitting model to feature number 288, p316
2023-05-03 12:13:57 INFO::Fitting model to feature number 289, p414
2023-05-03 12:13:57 INFO::Fitting model to feature number 290, p77
2023-05-03 12:13:57 INFO::Fitting model to feature number 291, p432
2023-05-03 12:13:57 INFO::Fitting model to feature number 292, p311
2023-05-03 12:13:57 INFO::Fitting model to feature number 293, p99
2023-05-03 12:13:57 INFO::Fitting model to feature number 294, p445
2023-05-03 12:13:57 INFO::Fitting model to feature number 295, p368
2023-05-03 12:13:57 INFO::Fitting model to feature number 296, p96
2023-05-03 12:13:57 INFO::Fitting model to feature number 297, p450
2023-05-03 12:13:57 INFO::Fitting model to feature number 298, p379
2023-05-03 12:13:57 INFO::Fitting model to feature number 299, p214
2023-05-03 12:13:57 INFO::Fitting model to feature number 300, p52
2023-05-03 12:13:57 INFO::Fitting model to feature number 301, p442
2023-05-03 12:13:57 INFO::Fitting model to feature number 302, p390
2023-05-03 12:13:57 INFO::Fitting model to feature number 303, p290
2023-05-03 12:13:57 INFO::Fitting model to feature number 304, p332
2023-05-03 12:13:57 INFO::Fitting model to feature number 305, p208
2023-05-03 12:13:57 INFO::Fitting model to feature number 306, p209
2023-05-03 12:13:57 INFO::Fitting model to feature number 307, p210
2023-05-03 12:13:57 INFO::Fitting model to feature number 308, p72
2023-05-03 12:13:57 INFO::Fitting model to feature number 309, p93
2023-05-03 12:13:57 INFO::Fitting model to feature number 310, p197
2023-05-03 12:13:57 INFO::Fitting model to feature number 311, p179
2023-05-03 12:13:57 INFO::Fitting model to feature number 312, p56
2023-05-03 12:13:57 INFO::Fitting model to feature number 313, p145
2023-05-03 12:13:57 INFO::Fitting model to feature number 314, p147
2023-05-03 12:13:57 INFO::Fitting model to feature number 315, p426
2023-05-03 12:13:57 INFO::Fitting model to feature number 316, p265
2023-05-03 12:13:57 INFO::Fitting model to feature number 317, p406
2023-05-03 12:13:57 INFO::Fitting model to feature number 318, p367
2023-05-03 12:13:57 INFO::Fitting model to feature number 319, p138
2023-05-03 12:13:57 INFO::Fitting model to feature number 320, p173
2023-05-03 12:13:57 INFO::Fitting model to feature number 321, p220
2023-05-03 12:13:57 INFO::Fitting model to feature number 322, p376
2023-05-03 12:13:57 INFO::Fitting model to feature number 323, p118
2023-05-03 12:13:57 INFO::Fitting model to feature number 324, p161
2023-05-03 12:13:57 INFO::Fitting model to feature number 325, p322
2023-05-03 12:13:57 INFO::Fitting model to feature number 326, p329
2023-05-03 12:13:57 INFO::Fitting model to feature number 327, p174
2023-05-03 12:13:57 INFO::Fitting model to feature number 328, p178
2023-05-03 12:13:57 INFO::Fitting model to feature number 329, p182
2023-05-03 12:13:58 INFO::Fitting model to feature number 330, p380
2023-05-03 12:13:58 INFO::Fitting model to feature number 331, p243
2023-05-03 12:13:58 INFO::Fitting model to feature number 332, p402
2023-05-03 12:13:58 INFO::Fitting model to feature number 333, p242
2023-05-03 12:13:58 INFO::Fitting model to feature number 334, p363
2023-05-03 12:13:58 INFO::Fitting model to feature number 335, p5
2023-05-03 12:13:58 INFO::Fitting model to feature number 336, p195
2023-05-03 12:13:58 INFO::Fitting model to feature number 337, p453
2023-05-03 12:13:58 INFO::Fitting model to feature number 338, p21
2023-05-03 12:13:58 INFO::Fitting model to feature number 339, p12
2023-05-03 12:13:58 INFO::Fitting model to feature number 340, p320
2023-05-03 12:13:58 INFO::Fitting model to feature number 341, p359
2023-05-03 12:13:58 INFO::Fitting model to feature number 342, p371
2023-05-03 12:13:58 INFO::Fitting model to feature number 343, p294
2023-05-03 12:13:58 INFO::Fitting model to feature number 344, p435
2023-05-03 12:13:58 INFO::Fitting model to feature number 345, p262
2023-05-03 12:13:58 INFO::Fitting model to feature number 346, p159
2023-05-03 12:13:58 INFO::Fitting model to feature number 347, p106
2023-05-03 12:13:58 INFO::Fitting model to feature number 348, p124
2023-05-03 12:13:58 INFO::Fitting model to feature number 349, p146
2023-05-03 12:13:58 INFO::Fitting model to feature number 350, p454
2023-05-03 12:13:58 INFO::Fitting model to feature number 351, p279
2023-05-03 12:13:58 INFO::Fitting model to feature number 352, p385
2023-05-03 12:13:58 INFO::Fitting model to feature number 353, p149
2023-05-03 12:13:58 INFO::Fitting model to feature number 354, p22
2023-05-03 12:13:58 INFO::Fitting model to feature number 355, p451
2023-05-03 12:13:58 INFO::Fitting model to feature number 356, p425
2023-05-03 12:13:58 INFO::Fitting model to feature number 357, p350
2023-05-03 12:13:58 INFO::Fitting model to feature number 358, p100
2023-05-03 12:13:58 INFO::Fitting model to feature number 359, p314
2023-05-03 12:13:58 INFO::Fitting model to feature number 360, p372
2023-05-03 12:13:58 INFO::Fitting model to feature number 361, p4
2023-05-03 12:13:58 INFO::Fitting model to feature number 362, p347
2023-05-03 12:13:58 INFO::Fitting model to feature number 363, p105
2023-05-03 12:13:58 INFO::Fitting model to feature number 364, p6
2023-05-03 12:13:58 INFO::Fitting model to feature number 365, p245
2023-05-03 12:13:58 INFO::Fitting model to feature number 366, p257
2023-05-03 12:13:58 INFO::Fitting model to feature number 367, p302
2023-05-03 12:13:58 INFO::Fitting model to feature number 368, p267
2023-05-03 12:13:58 INFO::Fitting model to feature number 369, p29
2023-05-03 12:13:58 INFO::Fitting model to feature number 370, p275
2023-05-03 12:13:58 INFO::Fitting model to feature number 371, p277
2023-05-03 12:13:58 INFO::Fitting model to feature number 372, p356
2023-05-03 12:13:58 INFO::Fitting model to feature number 373, p183
2023-05-03 12:13:58 INFO::Fitting model to feature number 374, p325
2023-05-03 12:13:58 INFO::Fitting model to feature number 375, p113
2023-05-03 12:13:58 INFO::Fitting model to feature number 376, p167
2023-05-03 12:13:58 INFO::Fitting model to feature number 377, p301
2023-05-03 12:13:58 INFO::Fitting model to feature number 378, p244
2023-05-03 12:13:58 INFO::Fitting model to feature number 379, p355
2023-05-03 12:13:58 INFO::Fitting model to feature number 380, p186
2023-05-03 12:13:59 INFO::Fitting model to feature number 381, p365
2023-05-03 12:13:59 INFO::Fitting model to feature number 382, p308
2023-05-03 12:13:59 INFO::Fitting model to feature number 383, p422
2023-05-03 12:13:59 INFO::Fitting model to feature number 384, p421
2023-05-03 12:13:59 INFO::Fitting model to feature number 385, p247
2023-05-03 12:13:59 INFO::Fitting model to feature number 386, p264
2023-05-03 12:13:59 INFO::Fitting model to feature number 387, p237
2023-05-03 12:13:59 INFO::Fitting model to feature number 388, p413
2023-05-03 12:13:59 INFO::Fitting model to feature number 389, p172
2023-05-03 12:13:59 INFO::Fitting model to feature number 390, p192
2023-05-03 12:13:59 INFO::Fitting model to feature number 391, p163
2023-05-03 12:13:59 INFO::Fitting model to feature number 392, p157
2023-05-03 12:13:59 INFO::Fitting model to feature number 393, p236
2023-05-03 12:13:59 INFO::Fitting model to feature number 394, p31
2023-05-03 12:13:59 INFO::Fitting model to feature number 395, p423
2023-05-03 12:13:59 INFO::Fitting model to feature number 396, p97
2023-05-03 12:13:59 INFO::Fitting model to feature number 397, p76
2023-05-03 12:13:59 INFO::Counting total values for each feature
2023-05-03 12:13:59 INFO::Writing residuals to file maaslin_outputs/seroconv_Malawi_unadjusted/residuals.rds
2023-05-03 12:13:59 INFO::Writing fitted values to file maaslin_outputs/seroconv_Malawi_unadjusted/fitted.rds
2023-05-03 12:13:59 INFO::Writing all results to file (ordered by increasing q-values): maaslin_outputs/seroconv_Malawi_unadjusted/all_results.tsv
2023-05-03 12:13:59 INFO::Writing the significant results (those which are less than or equal to the threshold of 0.200000 ) to file (ordered by increasing q-values): maaslin_outputs/seroconv_Malawi_unadjusted/significant_results.tsv
2023-05-03 12:13:59 INFO::Writing heatmap of significant results to file: maaslin_outputs/seroconv_Malawi_unadjusted/heatmap.pdf
